[2025-07-10T07:29:54.306Z] App ID: 9bc205d4bb9ca665b58b3e6397b8f13b8751b2175837af689c92790bb423d11a
Executing command: ~/workspace/charms/target/release/charms app vk
[2025-07-10T07:29:54.397Z] Stderr: warning: unused imports: `NFT`, `TOKEN`, and `UtxoId`
 --> src/nft.rs:1:66
  |
1 | use charms_sdk::data::{app_datas, check, App, Data, Transaction, UtxoId, B32, NFT, TOKEN};
  |                                                                  ^^^^^^       ^^^  ^^^^^
  |
  = note: `#[warn(unused_imports)]` on by default

warning: unused imports: `TransactionType` and `XBTCData`
 --> src/nft.rs:4:31
  |
4 | use crate::objects::{NftData, TransactionType, XBTCData};
  |                               ^^^^^^^^^^^^^^^  ^^^^^^^^

warning: unused imports: `Data`, `NFT`, `TOKEN`, `UtxoId`, and `app_datas`
 --> src/token.rs:1:24
  |
1 | use charms_sdk::data::{app_datas, check, App, Data, Transaction, UtxoId, NFT, TOKEN};
  |                        ^^^^^^^^^              ^^^^               ^^^^^^  ^^^  ^^^^^

warning: unused imports: `NftData`, `TransactionType`, and `XBTCData`
 --> src/token.rs:3:22
  |
3 | use crate::objects::{NftData, TransactionType, XBTCData};
  |                      ^^^^^^^  ^^^^^^^^^^^^^^^  ^^^^^^^^

warning: unused variable: `pub_in`
  --> src/nft.rs:11:58
   |
11 | pub fn nft_deploy_satisfied(app: &App, tx: &Transaction, pub_in: &Data, priv_in: &Data) -> bool {
   |                                                          ^^^^^^ help: if this is intentional, prefix it with an underscore: `_pub_in`
   |
   = note: `#[warn(unused_variables)]` on by default

warning: unused variable: `token_app`
 --> src/token.rs:7:3
  |
7 |   token_app: &App,
  |   ^^^^^^^^^ help: if this is intentional, prefix it with an underscore: `_token_app`

warning: unused variable: `token_app`
  --> src/token.rs:19:3
   |
19 |   token_app: &App,
   |   ^^^^^^^^^ help: if this is intentional, prefix it with an underscore: `_token_app`

warning: `grail-pro-charms` (bin "grail-pro-charms") generated 7 warnings (run `cargo fix --bin "grail-pro-charms"` to apply 4 suggestions)
    Finished `release` profile [optimized] target(s) in 0.03s

Executed successfully: f72471d9e764802d944f3f566af69f17dd85db8d3d20581d5b9bf7df847325b8

[2025-07-10T07:29:54.397Z] App Verification Key: f72471d9e764802d944f3f566af69f17dd85db8d3d20581d5b9bf7df847325b8
Executing command: ~/workspace/charms/target/release/charms spell prove --app-bins ./target/charms-app --funding-utxo 4683118ca3ee4fb8a8a509b03c715fecd565568024b60b549f7cb88ec59fa9b2:0 --funding-utxo-value 1250000000 --change-address bcrt1q9t9gntz32p8dlcd8zec8j466xa8cd8qds7chut
Sending stdin: version: 4
apps:
  $00: >-
    n/9bc205d4bb9ca665b58b3e6397b8f13b8751b2175837af689c92790bb423d11a/f72471d9e764802d944f3f566af69f17dd85db8d3d20581d5b9bf7df847325b8
private_inputs:
  $00: 4683118ca3ee4fb8a8a509b03c715fecd565568024b60b549f7cb88ec59fa9b2:0
public_inputs:
  $00:
    action: deploy
ins: []
outs:
  - address: bcrt1pqdlmlgzrnx59yp8ek9w3emlhu9u3e6g28nr7p578dr60atjcgsxqwrr2d9
    charms:
      $00:
        ticker: GRAIL-NFT
        current_cosigners: b95552a6fa61ea56171e6e260cdba57d250b44ba1234dc928a177698f3f016da
        current_threshold: 1
        amount: 1001

[2025-07-10T07:43:15.568Z] Execution error: Command failed: cd ./zkapp ; export RUST_BACKTRACE=full ; ~/workspace/charms/target/release/charms spell prove --app-bins ./target/charms-app --funding-utxo 4683118ca3ee4fb8a8a509b03c715fecd565568024b60b549f7cb88ec59fa9b2:0 --funding-utxo-value 1250000000 --change-address bcrt1q9t9gntz32p8dlcd8zec8j466xa8cd8qds7chut
detected old compiler flags: recompile the ELF for additional security
detected old compiler flags: recompile the ELF for additional security
[2m2025-07-10T07:29:57.604472Z[0m [32m INFO[0m [1mprove_core[0m: new
stderr: 
stderr: thread '<unnamed>' panicked at charms-app-checker/src/bin.rs:28:10:
stderr: all apps should run successfully: Condition failed: `is_simple_transfer(app, tx)`
stderr: note: run with `RUST_BACKTRACE=1` environment variable to display a backtrace

thread '<unnamed>' panicked at /Users/gadiguy/.cargo/registry/src/index.crates.io-1949cf8c6b5b557f/sp1-core-machine-5.0.5/src/utils/prove.rs:521:67:
called `Result::unwrap()` on an `Err` value: ExecutionError(HaltWithNonZeroExitCode(1))
stack backtrace:
   0:        0x101f1948c - <std::sys::backtrace::BacktraceLock::print::DisplayBacktrace as core::fmt::Display>::fmt::hc62d1c602f32d045
   1:        0x101477618 - core::fmt::write::hec54c1d5587662ba
   2:        0x101f18e2c - std::io::Write::write_fmt::h32cb3f1ee5943fae
   3:        0x101f1934c - std::sys::backtrace::BacktraceLock::print::hbdf74b1541f6a1ff
   4:        0x101f18ac8 - std::panicking::rust_panic_with_hook::h2cf6c7b76a1ec3f1
   5:        0x101f442e0 - std::panicking::begin_panic_handler::{{closure}}::hb6df43c194981807
   6:        0x101f44250 - std::sys::backtrace::__rust_end_short_backtrace::h870816de405e4980
   7:        0x101f451c4 - __rustc[e402ec7dbc433fa7]::rust_begin_unwind
   8:        0x1029c80f4 - core::panicking::panic_fmt::hae8dacf72a638e20
   9:        0x1029c84c4 - core::result::unwrap_failed::h4a5513c8f9bbfeb2
  10:        0x1019ceea4 - sp1_core_machine::utils::prove::prove_core_stream::{{closure}}::hb659d89f4e5ebef3
  11:        0x1019c8670 - std::sys::backtrace::__rust_begin_short_backtrace::hf919844cf0f5650f
  12:        0x101d69720 - core::ops::function::FnOnce::call_once{{vtable.shim}}::h3f6078fedcb708bc
  13:        0x101f453e4 - std::sys::pal::unix::thread::Thread::new::thread_start::h5c5ffa60deb6ac0c
  14:        0x192c4f2e4 - __pthread_deallocate

thread 'main' panicked at /Users/gadiguy/.cargo/registry/src/index.crates.io-1949cf8c6b5b557f/sp1-prover-5.0.5/src/lib.rs:474:64:
called `Result::unwrap()` on an `Err` value: Any { .. }
stack backtrace:
   0:        0x101f1948c - <std::sys::backtrace::BacktraceLock::print::DisplayBacktrace as core::fmt::Display>::fmt::hc62d1c602f32d045
   1:        0x101477618 - core::fmt::write::hec54c1d5587662ba
   2:        0x101f18e2c - std::io::Write::write_fmt::h32cb3f1ee5943fae
   3:        0x101f1934c - std::sys::backtrace::BacktraceLock::print::hbdf74b1541f6a1ff
   4:        0x101f18ac8 - std::panicking::rust_panic_with_hook::h2cf6c7b76a1ec3f1
   5:        0x101f442e0 - std::panicking::begin_panic_handler::{{closure}}::hb6df43c194981807
   6:        0x101f44250 - std::sys::backtrace::__rust_end_short_backtrace::h870816de405e4980
   7:        0x101f451c4 - __rustc[e402ec7dbc433fa7]::rust_begin_unwind
   8:        0x1029c80f4 - core::panicking::panic_fmt::hae8dacf72a638e20
   9:        0x1029c84c4 - core::result::unwrap_failed::h4a5513c8f9bbfeb2
  10:        0x101eabb3c - sp1_sdk::cpu::CpuProver::prove_impl::hd72cc312dd06e141
  11:        0x101eb2efc - <sp1_sdk::cpu::CpuProver as sp1_sdk::prover::Prover<sp1_prover::components::CpuProverComponents>>::prove::hd5cc617ab3a026d6
  12:        0x1011cc8d0 - <sp1_sdk::env::EnvProver as charms::utils::prover::CharmsSP1Prover>::prove::ha28117143da2dd16
  13:        0x101069044 - charms::app::Prover::prove::hf6b14e8c140641f9
  14:        0x1011c4720 - <charms::spell::Prover as charms::spell::Prove>::prove::h2148d31a9436c642
  15:        0x100f6c304 - charms::cli::run::{{closure}}::he9b94655cc61aaf4
  16:        0x100f7a374 - charms::main::h445af30ffa2b5959
  17:        0x101305dc8 - std::sys::backtrace::__rust_begin_short_backtrace::h8de3d67cb07bd34c
  18:        0x100f7ac20 - _main
[2m2025-07-10T07:43:15.149261Z[0m [32m INFO[0m [1mprove_core[0m: close [3mtime.busy[0m[2m=[0m797s [3mtime.idle[0m[2m=[0m173ms

[2025-07-10T07:43:15.569Z] Stderr: detected old compiler flags: recompile the ELF for additional security
detected old compiler flags: recompile the ELF for additional security
[2m2025-07-10T07:29:57.604472Z[0m [32m INFO[0m [1mprove_core[0m: new
stderr: 
stderr: thread '<unnamed>' panicked at charms-app-checker/src/bin.rs:28:10:
stderr: all apps should run successfully: Condition failed: `is_simple_transfer(app, tx)`
stderr: note: run with `RUST_BACKTRACE=1` environment variable to display a backtrace

thread '<unnamed>' panicked at /Users/gadiguy/.cargo/registry/src/index.crates.io-1949cf8c6b5b557f/sp1-core-machine-5.0.5/src/utils/prove.rs:521:67:
called `Result::unwrap()` on an `Err` value: ExecutionError(HaltWithNonZeroExitCode(1))
stack backtrace:
   0:        0x101f1948c - <std::sys::backtrace::BacktraceLock::print::DisplayBacktrace as core::fmt::Display>::fmt::hc62d1c602f32d045
   1:        0x101477618 - core::fmt::write::hec54c1d5587662ba
   2:        0x101f18e2c - std::io::Write::write_fmt::h32cb3f1ee5943fae
   3:        0x101f1934c - std::sys::backtrace::BacktraceLock::print::hbdf74b1541f6a1ff
   4:        0x101f18ac8 - std::panicking::rust_panic_with_hook::h2cf6c7b76a1ec3f1
   5:        0x101f442e0 - std::panicking::begin_panic_handler::{{closure}}::hb6df43c194981807
   6:        0x101f44250 - std::sys::backtrace::__rust_end_short_backtrace::h870816de405e4980
   7:        0x101f451c4 - __rustc[e402ec7dbc433fa7]::rust_begin_unwind
   8:        0x1029c80f4 - core::panicking::panic_fmt::hae8dacf72a638e20
   9:        0x1029c84c4 - core::result::unwrap_failed::h4a5513c8f9bbfeb2
  10:        0x1019ceea4 - sp1_core_machine::utils::prove::prove_core_stream::{{closure}}::hb659d89f4e5ebef3
  11:        0x1019c8670 - std::sys::backtrace::__rust_begin_short_backtrace::hf919844cf0f5650f
  12:        0x101d69720 - core::ops::function::FnOnce::call_once{{vtable.shim}}::h3f6078fedcb708bc
  13:        0x101f453e4 - std::sys::pal::unix::thread::Thread::new::thread_start::h5c5ffa60deb6ac0c
  14:        0x192c4f2e4 - __pthread_deallocate

thread 'main' panicked at /Users/gadiguy/.cargo/registry/src/index.crates.io-1949cf8c6b5b557f/sp1-prover-5.0.5/src/lib.rs:474:64:
called `Result::unwrap()` on an `Err` value: Any { .. }
stack backtrace:
   0:        0x101f1948c - <std::sys::backtrace::BacktraceLock::print::DisplayBacktrace as core::fmt::Display>::fmt::hc62d1c602f32d045
   1:        0x101477618 - core::fmt::write::hec54c1d5587662ba
   2:        0x101f18e2c - std::io::Write::write_fmt::h32cb3f1ee5943fae
   3:        0x101f1934c - std::sys::backtrace::BacktraceLock::print::hbdf74b1541f6a1ff
   4:        0x101f18ac8 - std::panicking::rust_panic_with_hook::h2cf6c7b76a1ec3f1
   5:        0x101f442e0 - std::panicking::begin_panic_handler::{{closure}}::hb6df43c194981807
   6:        0x101f44250 - std::sys::backtrace::__rust_end_short_backtrace::h870816de405e4980
   7:        0x101f451c4 - __rustc[e402ec7dbc433fa7]::rust_begin_unwind
   8:        0x1029c80f4 - core::panicking::panic_fmt::hae8dacf72a638e20
   9:        0x1029c84c4 - core::result::unwrap_failed::h4a5513c8f9bbfeb2
  10:        0x101eabb3c - sp1_sdk::cpu::CpuProver::prove_impl::hd72cc312dd06e141
  11:        0x101eb2efc - <sp1_sdk::cpu::CpuProver as sp1_sdk::prover::Prover<sp1_prover::components::CpuProverComponents>>::prove::hd5cc617ab3a026d6
  12:        0x1011cc8d0 - <sp1_sdk::env::EnvProver as charms::utils::prover::CharmsSP1Prover>::prove::ha28117143da2dd16
  13:        0x101069044 - charms::app::Prover::prove::hf6b14e8c140641f9
  14:        0x1011c4720 - <charms::spell::Prover as charms::spell::Prove>::prove::h2148d31a9436c642
  15:        0x100f6c304 - charms::cli::run::{{closure}}::he9b94655cc61aaf4
  16:        0x100f7a374 - charms::main::h445af30ffa2b5959
  17:        0x101305dc8 - std::sys::backtrace::__rust_begin_short_backtrace::h8de3d67cb07bd34c
  18:        0x100f7ac20 - _main
[2m2025-07-10T07:43:15.149261Z[0m [32m INFO[0m [1mprove_core[0m: close [3mtime.busy[0m[2m=[0m797s [3mtime.idle[0m[2m=[0m173ms

Executed successfully: 
[2025-07-10T07:43:15.570Z] Execution error: {
  "code": 101,
  "killed": false,
  "signal": null,
  "cmd": "cd ./zkapp ; export RUST_BACKTRACE=full ; ~/workspace/charms/target/release/charms spell prove --app-bins ./target/charms-app --funding-utxo 4683118ca3ee4fb8a8a509b03c715fecd565568024b60b549f7cb88ec59fa9b2:0 --funding-utxo-value 1250000000 --change-address bcrt1q9t9gntz32p8dlcd8zec8j466xa8cd8qds7chut"
}
[2025-07-10T07:43:15.570Z] Error during NFT deployment: {
  "code": 101,
  "killed": false,
  "signal": null,
  "cmd": "cd ./zkapp ; export RUST_BACKTRACE=full ; ~/workspace/charms/target/release/charms spell prove --app-bins ./target/charms-app --funding-utxo 4683118ca3ee4fb8a8a509b03c715fecd565568024b60b549f7cb88ec59fa9b2:0 --funding-utxo-value 1250000000 --change-address bcrt1q9t9gntz32p8dlcd8zec8j466xa8cd8qds7chut"
}
